Arguments: 
  /usr/local/bin/node /usr/local/bin/yarn

PATH: 
  /usr/local/Cellar/mongodb-community@4.0/4.0.15/bin:/usr/local/bin:/usr/bin:/bin:/usr/sbin:/sbin:/usr/local/Cellar/mongodb-community@4.0/4.0.15/bin

Yarn version: 
  1.22.10

Node version: 
  13.8.0

Platform: 
  darwin x64

Trace: 
  Error: https://registry.yarnpkg.com/chalk: ETIMEDOUT
      at Timeout._onTimeout (/usr/local/lib/node_modules/yarn/lib/cli.js:141322:19)
      at listOnTimeout (internal/timers.js:549:17)
      at processTimers (internal/timers.js:492:7)

npm manifest: 
  {
    "name": "cl-cli",
    "version": "1.0.0",
    "description": "self cli",
    "types": "./src/types/global.d.ts",
    "main": "index.js",
    "scripts": {
      "test": "echo \"Error: no test specified\" && exit 1",
      "build": "tsc --build tsconfig.json"
    },
    "bin": {
      "cl": "./dist/bin/index.js"
    },
    "repository": {
      "type": "git",
      "url": "git+https://github.com/ChrisLee0211/cl-cli.git"
    },
    "keywords": [
      "cli"
    ],
    "author": "chris lee",
    "license": "ISC",
    "bugs": {
      "url": "https://github.com/ChrisLee0211/cl-cli/issues"
    },
    "homepage": "https://github.com/ChrisLee0211/cl-cli#readme",
    "dependencies": {
      "chalk": "^4.1.0",
      "commander": "^6.2.0",
      "download-git-repo": "^3.0.2",
      "inquirer": "^7.3.3",
      "single-line-log2": "^1.1.3",
      "ts-node": "^9.1.1",
      "typescript": "^4.0.5"
    },
    "devDependencies": {
      "@types/inquirer": "^7.3.1",
      "@types/node": "^14.14.8",
      "tsconfig-paths": "^3.9.0"
    }
  }

yarn manifest: 
  No manifest

Lockfile: 
  No lockfile
